<?xml version="1.0" encoding="UTF-8"?>
<!-- Generated by org.testng.reporters.JUnitReportReporter -->
<testsuite hostname="Sanju" failures="0" tests="1" name="com.loginpage.TrialLogin" time="10.848" errors="0" timestamp="2025-04-12T21:31:28 IST" skipped="0">
  <testcase classname="com.loginpage.TrialLogin" name="testLoginWithExcelData" time="10.848"/>
</testsuite> <!-- com.loginpage.TrialLogin -->
