<?xml version="1.0" encoding="UTF-8"?>
<!-- Generated by org.testng.reporters.JUnitReportReporter -->
<testsuite hostname="Sanju" failures="0" tests="1" name="com.loginpage.TrialLogin" time="11.816" errors="0" timestamp="2025-04-12T21:46:37 IST" skipped="0">
  <testcase classname="com.loginpage.TrialLogin" name="testLoginWithExcelData" time="11.816"/>
</testsuite> <!-- com.loginpage.TrialLogin -->
